2023-06-24 20:34:49,702 INFO o.a.j.u.JMeterUtils: Setting Locale to en_EN
2023-06-24 20:34:49,775 INFO o.a.j.JMeter: Loading user properties from: user.properties
2023-06-24 20:34:49,789 INFO o.a.j.JMeter: Loading system properties from: system.properties
2023-06-24 20:34:49,821 INFO o.a.j.JMeter: Copyright (c) 1998-2023 The Apache Software Foundation
2023-06-24 20:34:49,821 INFO o.a.j.JMeter: Version 5.6
2023-06-24 20:34:49,821 INFO o.a.j.JMeter: java.version=17.0.6
2023-06-24 20:34:49,821 INFO o.a.j.JMeter: java.vm.name=Java HotSpot(TM) 64-Bit Server VM
2023-06-24 20:34:49,822 INFO o.a.j.JMeter: os.name=Windows 11
2023-06-24 20:34:49,822 INFO o.a.j.JMeter: os.arch=amd64
2023-06-24 20:34:49,822 INFO o.a.j.JMeter: os.version=10.0
2023-06-24 20:34:49,835 INFO o.a.j.JMeter: file.encoding=Cp1252
2023-06-24 20:34:49,835 INFO o.a.j.JMeter: java.awt.headless=null
2023-06-24 20:34:49,835 INFO o.a.j.JMeter: Max memory     =1073741824
2023-06-24 20:34:49,835 INFO o.a.j.JMeter: Available Processors =4
2023-06-24 20:34:49,871 INFO o.a.j.JMeter: Default Locale=English (EN)
2023-06-24 20:34:49,872 INFO o.a.j.JMeter: JMeter  Locale=English (EN)
2023-06-24 20:34:49,872 INFO o.a.j.JMeter: JMeterHome=E:\MicroService\apache-jmeter-5.6
2023-06-24 20:34:49,872 INFO o.a.j.JMeter: user.dir  =E:\MicroService\apache-jmeter-5.6\bin
2023-06-24 20:34:49,873 INFO o.a.j.JMeter: PWD       =E:\MicroService\apache-jmeter-5.6\bin
2023-06-24 20:34:49,888 INFO o.a.j.JMeter: IP: 192.168.29.97 Name: Somen FullName: Somen
2023-06-24 20:34:49,940 INFO o.a.j.JMeter: Loaded icon properties from org/apache/jmeter/images/icon.properties
2023-06-24 20:34:50,644 INFO o.a.j.JMeterGuiLauncher: Setting LAF to: com.github.weisj.darklaf.DarkLaf:com.github.weisj.darklaf.theme.DarculaTheme
2023-06-24 20:36:42,217 INFO o.a.j.p.h.s.HTTPSamplerBase: Parser for text/html is org.apache.jmeter.protocol.http.parser.LagartoBasedHtmlParser
2023-06-24 20:36:42,218 INFO o.a.j.p.h.s.HTTPSamplerBase: Parser for application/xhtml+xml is org.apache.jmeter.protocol.http.parser.LagartoBasedHtmlParser
2023-06-24 20:36:42,218 INFO o.a.j.p.h.s.HTTPSamplerBase: Parser for application/xml is org.apache.jmeter.protocol.http.parser.LagartoBasedHtmlParser
2023-06-24 20:36:42,218 INFO o.a.j.p.h.s.HTTPSamplerBase: Parser for text/xml is org.apache.jmeter.protocol.http.parser.LagartoBasedHtmlParser
2023-06-24 20:36:42,218 INFO o.a.j.p.h.s.HTTPSamplerBase: Parser for text/vnd.wap.wml is org.apache.jmeter.protocol.http.parser.RegexpHTMLParser
2023-06-24 20:36:42,218 INFO o.a.j.p.h.s.HTTPSamplerBase: Parser for text/css is org.apache.jmeter.protocol.http.parser.CssParser
2023-06-24 20:38:36,509 INFO o.a.j.s.SampleResult: Note: Sample TimeStamps are START times
2023-06-24 20:38:36,864 INFO o.a.j.s.SampleResult: sampleresult.default.encoding is set to ISO-8859-1
2023-06-24 20:38:36,865 INFO o.a.j.s.SampleResult: sampleresult.useNanoTime=true
2023-06-24 20:38:36,865 INFO o.a.j.s.SampleResult: sampleresult.nanoThreadSleep=5000
2023-06-24 20:38:37,712 ERROR o.a.j.v.ViewResultsFullVisualizer: Exception registering implementation: [org.apache.jmeter.visualizers.RenderInBrowser] of interface: [interface org.apache.jmeter.visualizers.ResultRenderer], a jar is probably missing
java.util.ServiceConfigurationError: org.apache.jmeter.visualizers.ResultRenderer: org.apache.jmeter.visualizers.RenderInBrowser Unable to get public no-arg constructor
	at java.util.ServiceLoader.fail(ServiceLoader.java:586) ~[?:?]
	at java.util.ServiceLoader.getConstructor(ServiceLoader.java:679) ~[?:?]
	at java.util.ServiceLoader$LazyClassPathLookupIterator.hasNextService(ServiceLoader.java:1240) ~[?:?]
	at java.util.ServiceLoader$LazyClassPathLookupIterator.hasNext(ServiceLoader.java:1273) ~[?:?]
	at java.util.ServiceLoader$2.hasNext(ServiceLoader.java:1309) ~[?:?]
	at java.util.ServiceLoader$3.hasNext(ServiceLoader.java:1393) ~[?:?]
	at org.apache.jorphan.reflect.ClassFinder.loadServices(ClassFinder.java:115) ~[jorphan.jar:5.6]
	at org.apache.jmeter.util.JMeterUtils.loadServicesAndScanJars(JMeterUtils.java:345) ~[ApacheJMeter_core.jar:5.6]
	at org.apache.jmeter.visualizers.ViewResultsFullVisualizer.createComboRender(ViewResultsFullVisualizer.java:464) ~[ApacheJMeter_components.jar:5.6]
	at org.apache.jmeter.visualizers.ViewResultsFullVisualizer.createLeftPanel(ViewResultsFullVisualizer.java:438) ~[ApacheJMeter_components.jar:5.6]
	at org.apache.jmeter.visualizers.ViewResultsFullVisualizer.init(ViewResultsFullVisualizer.java:349) ~[ApacheJMeter_components.jar:5.6]
	at org.apache.jmeter.visualizers.ViewResultsFullVisualizer.<init>(ViewResultsFullVisualizer.java:156) ~[ApacheJMeter_components.jar:5.6]
	at jdk.internal.reflect.NativeConstructorAccessorImpl.newInstance0(Native Method) ~[?:?]
	at jdk.internal.reflect.NativeConstructorAccessorImpl.newInstance(NativeConstructorAccessorImpl.java:77) ~[?:?]
	at jdk.internal.reflect.DelegatingConstructorAccessorImpl.newInstance(DelegatingConstructorAccessorImpl.java:45) ~[?:?]
	at java.lang.reflect.Constructor.newInstanceWithCaller(Constructor.java:499) ~[?:?]
	at java.lang.reflect.Constructor.newInstance(Constructor.java:480) ~[?:?]
	at org.apache.jmeter.gui.GuiPackage.getGuiFromCache(GuiPackage.java:424) ~[ApacheJMeter_core.jar:5.6]
	at org.apache.jmeter.gui.GuiPackage.createTestElement(GuiPackage.java:371) ~[ApacheJMeter_core.jar:5.6]
	at org.apache.jmeter.gui.action.AddToTree.doAction(AddToTree.java:70) ~[ApacheJMeter_core.jar:5.6]
	at org.apache.jmeter.gui.action.ActionRouter.performAction(ActionRouter.java:83) ~[ApacheJMeter_core.jar:5.6]
	at org.apache.jmeter.gui.action.ActionRouter.lambda$actionPerformed$0(ActionRouter.java:65) ~[ApacheJMeter_core.jar:5.6]
	at java.awt.event.InvocationEvent.dispatch(InvocationEvent.java:318) ~[?:?]
	at java.awt.EventQueue.dispatchEventImpl(EventQueue.java:771) ~[?:?]
	at java.awt.EventQueue$4.run(EventQueue.java:722) ~[?:?]
	at java.awt.EventQueue$4.run(EventQueue.java:716) ~[?:?]
	at java.security.AccessController.doPrivileged(AccessController.java:399) [?:?]
	at java.security.ProtectionDomain$JavaSecurityAccessImpl.doIntersectionPrivilege(ProtectionDomain.java:86) [?:?]
	at java.awt.EventQueue.dispatchEvent(EventQueue.java:741) [?:?]
	at java.awt.EventDispatchThread.pumpOneEventForFilters(EventDispatchThread.java:203) [?:?]
	at java.awt.EventDispatchThread.pumpEventsForFilter(EventDispatchThread.java:124) [?:?]
	at java.awt.EventDispatchThread.pumpEventsForHierarchy(EventDispatchThread.java:113) [?:?]
	at java.awt.EventDispatchThread.pumpEvents(EventDispatchThread.java:109) [?:?]
	at java.awt.EventDispatchThread.pumpEvents(EventDispatchThread.java:101) [?:?]
	at java.awt.EventDispatchThread.run(EventDispatchThread.java:90) [?:?]
Caused by: java.lang.NoClassDefFoundError: javafx/embed/swing/JFXPanel
	at java.lang.Class.getDeclaredConstructors0(Native Method) ~[?:?]
	at java.lang.Class.privateGetDeclaredConstructors(Class.java:3373) ~[?:?]
	at java.lang.Class.getConstructor0(Class.java:3578) ~[?:?]
	at java.lang.Class.getConstructor(Class.java:2271) ~[?:?]
	at java.util.ServiceLoader$1.run(ServiceLoader.java:666) ~[?:?]
	at java.util.ServiceLoader$1.run(ServiceLoader.java:663) ~[?:?]
	at java.security.AccessController.doPrivileged(AccessController.java:569) [?:?]
	at java.util.ServiceLoader.getConstructor(ServiceLoader.java:674) ~[?:?]
	... 33 more
Caused by: java.lang.ClassNotFoundException: javafx.embed.swing.JFXPanel
	at java.net.URLClassLoader.findClass(URLClassLoader.java:445) ~[?:?]
	at java.lang.ClassLoader.loadClass(ClassLoader.java:587) ~[?:?]
	at java.lang.ClassLoader.loadClass(ClassLoader.java:520) ~[?:?]
	at java.lang.Class.getDeclaredConstructors0(Native Method) ~[?:?]
	at java.lang.Class.privateGetDeclaredConstructors(Class.java:3373) ~[?:?]
	at java.lang.Class.getConstructor0(Class.java:3578) ~[?:?]
	at java.lang.Class.getConstructor(Class.java:2271) ~[?:?]
	at java.util.ServiceLoader$1.run(ServiceLoader.java:666) ~[?:?]
	at java.util.ServiceLoader$1.run(ServiceLoader.java:663) ~[?:?]
	at java.security.AccessController.doPrivileged(AccessController.java:569) ~[?:?]
	at java.util.ServiceLoader.getConstructor(ServiceLoader.java:674) ~[?:?]
	... 33 more
2023-06-24 20:38:46,429 ERROR o.a.j.v.ViewResultsFullVisualizer: Exception registering implementation: [org.apache.jmeter.visualizers.RenderInBrowser] of interface: [interface org.apache.jmeter.visualizers.ResultRenderer], a jar is probably missing
java.util.ServiceConfigurationError: org.apache.jmeter.visualizers.ResultRenderer: org.apache.jmeter.visualizers.RenderInBrowser Unable to get public no-arg constructor
	at java.util.ServiceLoader.fail(ServiceLoader.java:586) ~[?:?]
	at java.util.ServiceLoader.getConstructor(ServiceLoader.java:679) ~[?:?]
	at java.util.ServiceLoader$LazyClassPathLookupIterator.hasNextService(ServiceLoader.java:1240) ~[?:?]
	at java.util.ServiceLoader$LazyClassPathLookupIterator.hasNext(ServiceLoader.java:1273) ~[?:?]
	at java.util.ServiceLoader$2.hasNext(ServiceLoader.java:1309) ~[?:?]
	at java.util.ServiceLoader$3.hasNext(ServiceLoader.java:1393) ~[?:?]
	at org.apache.jorphan.reflect.ClassFinder.loadServices(ClassFinder.java:115) ~[jorphan.jar:5.6]
	at org.apache.jmeter.util.JMeterUtils.loadServicesAndScanJars(JMeterUtils.java:345) ~[ApacheJMeter_core.jar:5.6]
	at org.apache.jmeter.visualizers.ViewResultsFullVisualizer.createComboRender(ViewResultsFullVisualizer.java:464) ~[ApacheJMeter_components.jar:5.6]
	at org.apache.jmeter.visualizers.ViewResultsFullVisualizer.createLeftPanel(ViewResultsFullVisualizer.java:438) ~[ApacheJMeter_components.jar:5.6]
	at org.apache.jmeter.visualizers.ViewResultsFullVisualizer.init(ViewResultsFullVisualizer.java:349) ~[ApacheJMeter_components.jar:5.6]
	at org.apache.jmeter.visualizers.ViewResultsFullVisualizer.<init>(ViewResultsFullVisualizer.java:156) ~[ApacheJMeter_components.jar:5.6]
	at jdk.internal.reflect.NativeConstructorAccessorImpl.newInstance0(Native Method) ~[?:?]
	at jdk.internal.reflect.NativeConstructorAccessorImpl.newInstance(NativeConstructorAccessorImpl.java:77) ~[?:?]
	at jdk.internal.reflect.DelegatingConstructorAccessorImpl.newInstance(DelegatingConstructorAccessorImpl.java:45) ~[?:?]
	at java.lang.reflect.Constructor.newInstanceWithCaller(Constructor.java:499) ~[?:?]
	at java.lang.reflect.Constructor.newInstance(Constructor.java:480) ~[?:?]
	at org.apache.jmeter.gui.GuiPackage.getGuiFromCache(GuiPackage.java:424) ~[ApacheJMeter_core.jar:5.6]
	at org.apache.jmeter.gui.GuiPackage.createTestElement(GuiPackage.java:371) ~[ApacheJMeter_core.jar:5.6]
	at org.apache.jmeter.gui.action.AddToTree.doAction(AddToTree.java:70) ~[ApacheJMeter_core.jar:5.6]
	at org.apache.jmeter.gui.action.ActionRouter.performAction(ActionRouter.java:83) ~[ApacheJMeter_core.jar:5.6]
	at org.apache.jmeter.gui.action.ActionRouter.lambda$actionPerformed$0(ActionRouter.java:65) ~[ApacheJMeter_core.jar:5.6]
	at java.awt.event.InvocationEvent.dispatch(InvocationEvent.java:318) ~[?:?]
	at java.awt.EventQueue.dispatchEventImpl(EventQueue.java:771) ~[?:?]
	at java.awt.EventQueue$4.run(EventQueue.java:722) ~[?:?]
	at java.awt.EventQueue$4.run(EventQueue.java:716) ~[?:?]
	at java.security.AccessController.doPrivileged(AccessController.java:399) [?:?]
	at java.security.ProtectionDomain$JavaSecurityAccessImpl.doIntersectionPrivilege(ProtectionDomain.java:86) [?:?]
	at java.awt.EventQueue.dispatchEvent(EventQueue.java:741) [?:?]
	at java.awt.EventDispatchThread.pumpOneEventForFilters(EventDispatchThread.java:203) [?:?]
	at java.awt.EventDispatchThread.pumpEventsForFilter(EventDispatchThread.java:124) [?:?]
	at java.awt.EventDispatchThread.pumpEventsForHierarchy(EventDispatchThread.java:113) [?:?]
	at java.awt.EventDispatchThread.pumpEvents(EventDispatchThread.java:109) [?:?]
	at java.awt.EventDispatchThread.pumpEvents(EventDispatchThread.java:101) [?:?]
	at java.awt.EventDispatchThread.run(EventDispatchThread.java:90) [?:?]
Caused by: java.lang.NoClassDefFoundError: javafx/embed/swing/JFXPanel
	at java.lang.Class.getDeclaredConstructors0(Native Method) ~[?:?]
	at java.lang.Class.privateGetDeclaredConstructors(Class.java:3373) ~[?:?]
	at java.lang.Class.getConstructor0(Class.java:3578) ~[?:?]
	at java.lang.Class.getConstructor(Class.java:2271) ~[?:?]
	at java.util.ServiceLoader$1.run(ServiceLoader.java:666) ~[?:?]
	at java.util.ServiceLoader$1.run(ServiceLoader.java:663) ~[?:?]
	at java.security.AccessController.doPrivileged(AccessController.java:569) [?:?]
	at java.util.ServiceLoader.getConstructor(ServiceLoader.java:674) ~[?:?]
	... 33 more
Caused by: java.lang.ClassNotFoundException: javafx.embed.swing.JFXPanel
	at java.net.URLClassLoader.findClass(URLClassLoader.java:445) ~[?:?]
	at java.lang.ClassLoader.loadClass(ClassLoader.java:587) ~[?:?]
	at java.lang.ClassLoader.loadClass(ClassLoader.java:520) ~[?:?]
	at java.lang.Class.getDeclaredConstructors0(Native Method) ~[?:?]
	at java.lang.Class.privateGetDeclaredConstructors(Class.java:3373) ~[?:?]
	at java.lang.Class.getConstructor0(Class.java:3578) ~[?:?]
	at java.lang.Class.getConstructor(Class.java:2271) ~[?:?]
	at java.util.ServiceLoader$1.run(ServiceLoader.java:666) ~[?:?]
	at java.util.ServiceLoader$1.run(ServiceLoader.java:663) ~[?:?]
	at java.security.AccessController.doPrivileged(AccessController.java:569) ~[?:?]
	at java.util.ServiceLoader.getConstructor(ServiceLoader.java:674) ~[?:?]
	... 33 more
2023-06-24 20:38:56,412 ERROR o.a.j.v.ViewResultsFullVisualizer: Exception registering implementation: [org.apache.jmeter.visualizers.RenderInBrowser] of interface: [interface org.apache.jmeter.visualizers.ResultRenderer], a jar is probably missing
java.util.ServiceConfigurationError: org.apache.jmeter.visualizers.ResultRenderer: org.apache.jmeter.visualizers.RenderInBrowser Unable to get public no-arg constructor
	at java.util.ServiceLoader.fail(ServiceLoader.java:586) ~[?:?]
	at java.util.ServiceLoader.getConstructor(ServiceLoader.java:679) ~[?:?]
	at java.util.ServiceLoader$LazyClassPathLookupIterator.hasNextService(ServiceLoader.java:1240) ~[?:?]
	at java.util.ServiceLoader$LazyClassPathLookupIterator.hasNext(ServiceLoader.java:1273) ~[?:?]
	at java.util.ServiceLoader$2.hasNext(ServiceLoader.java:1309) ~[?:?]
	at java.util.ServiceLoader$3.hasNext(ServiceLoader.java:1393) ~[?:?]
	at org.apache.jorphan.reflect.ClassFinder.loadServices(ClassFinder.java:115) ~[jorphan.jar:5.6]
	at org.apache.jmeter.util.JMeterUtils.loadServicesAndScanJars(JMeterUtils.java:345) ~[ApacheJMeter_core.jar:5.6]
	at org.apache.jmeter.visualizers.ViewResultsFullVisualizer.createComboRender(ViewResultsFullVisualizer.java:464) ~[ApacheJMeter_components.jar:5.6]
	at org.apache.jmeter.visualizers.ViewResultsFullVisualizer.createLeftPanel(ViewResultsFullVisualizer.java:438) ~[ApacheJMeter_components.jar:5.6]
	at org.apache.jmeter.visualizers.ViewResultsFullVisualizer.init(ViewResultsFullVisualizer.java:349) ~[ApacheJMeter_components.jar:5.6]
	at org.apache.jmeter.visualizers.ViewResultsFullVisualizer.<init>(ViewResultsFullVisualizer.java:156) ~[ApacheJMeter_components.jar:5.6]
	at jdk.internal.reflect.NativeConstructorAccessorImpl.newInstance0(Native Method) ~[?:?]
	at jdk.internal.reflect.NativeConstructorAccessorImpl.newInstance(NativeConstructorAccessorImpl.java:77) ~[?:?]
	at jdk.internal.reflect.DelegatingConstructorAccessorImpl.newInstance(DelegatingConstructorAccessorImpl.java:45) ~[?:?]
	at java.lang.reflect.Constructor.newInstanceWithCaller(Constructor.java:499) ~[?:?]
	at java.lang.reflect.Constructor.newInstance(Constructor.java:480) ~[?:?]
	at org.apache.jmeter.gui.GuiPackage.getGuiFromCache(GuiPackage.java:424) ~[ApacheJMeter_core.jar:5.6]
	at org.apache.jmeter.gui.GuiPackage.getGui(GuiPackage.java:267) ~[ApacheJMeter_core.jar:5.6]
	at org.apache.jmeter.gui.GuiPackage.getGui(GuiPackage.java:238) ~[ApacheJMeter_core.jar:5.6]
	at org.apache.jmeter.gui.GuiPackage.updateCurrentNode(GuiPackage.java:482) ~[ApacheJMeter_core.jar:5.6]
	at org.apache.jmeter.gui.GuiPackage.updateCurrentGui(GuiPackage.java:452) ~[ApacheJMeter_core.jar:5.6]
	at org.apache.jmeter.gui.action.Remove.doAction(Remove.java:85) ~[ApacheJMeter_core.jar:5.6]
	at org.apache.jmeter.gui.action.ActionRouter.performAction(ActionRouter.java:83) ~[ApacheJMeter_core.jar:5.6]
	at org.apache.jmeter.gui.action.ActionRouter.lambda$actionPerformed$0(ActionRouter.java:65) ~[ApacheJMeter_core.jar:5.6]
	at java.awt.event.InvocationEvent.dispatch(InvocationEvent.java:318) ~[?:?]
	at java.awt.EventQueue.dispatchEventImpl(EventQueue.java:771) ~[?:?]
	at java.awt.EventQueue$4.run(EventQueue.java:722) ~[?:?]
	at java.awt.EventQueue$4.run(EventQueue.java:716) ~[?:?]
	at java.security.AccessController.doPrivileged(AccessController.java:399) [?:?]
	at java.security.ProtectionDomain$JavaSecurityAccessImpl.doIntersectionPrivilege(ProtectionDomain.java:86) [?:?]
	at java.awt.EventQueue.dispatchEvent(EventQueue.java:741) [?:?]
	at java.awt.EventDispatchThread.pumpOneEventForFilters(EventDispatchThread.java:203) [?:?]
	at java.awt.EventDispatchThread.pumpEventsForFilter(EventDispatchThread.java:124) [?:?]
	at java.awt.EventDispatchThread.pumpEventsForHierarchy(EventDispatchThread.java:113) [?:?]
	at java.awt.EventDispatchThread.pumpEvents(EventDispatchThread.java:109) [?:?]
	at java.awt.EventDispatchThread.pumpEvents(EventDispatchThread.java:101) [?:?]
	at java.awt.EventDispatchThread.run(EventDispatchThread.java:90) [?:?]
Caused by: java.lang.NoClassDefFoundError: javafx/embed/swing/JFXPanel
	at java.lang.Class.getDeclaredConstructors0(Native Method) ~[?:?]
	at java.lang.Class.privateGetDeclaredConstructors(Class.java:3373) ~[?:?]
	at java.lang.Class.getConstructor0(Class.java:3578) ~[?:?]
	at java.lang.Class.getConstructor(Class.java:2271) ~[?:?]
	at java.util.ServiceLoader$1.run(ServiceLoader.java:666) ~[?:?]
	at java.util.ServiceLoader$1.run(ServiceLoader.java:663) ~[?:?]
	at java.security.AccessController.doPrivileged(AccessController.java:569) [?:?]
	at java.util.ServiceLoader.getConstructor(ServiceLoader.java:674) ~[?:?]
	... 36 more
Caused by: java.lang.ClassNotFoundException: javafx.embed.swing.JFXPanel
	at java.net.URLClassLoader.findClass(URLClassLoader.java:445) ~[?:?]
	at java.lang.ClassLoader.loadClass(ClassLoader.java:587) ~[?:?]
	at java.lang.ClassLoader.loadClass(ClassLoader.java:520) ~[?:?]
	at java.lang.Class.getDeclaredConstructors0(Native Method) ~[?:?]
	at java.lang.Class.privateGetDeclaredConstructors(Class.java:3373) ~[?:?]
	at java.lang.Class.getConstructor0(Class.java:3578) ~[?:?]
	at java.lang.Class.getConstructor(Class.java:2271) ~[?:?]
	at java.util.ServiceLoader$1.run(ServiceLoader.java:666) ~[?:?]
	at java.util.ServiceLoader$1.run(ServiceLoader.java:663) ~[?:?]
	at java.security.AccessController.doPrivileged(AccessController.java:569) ~[?:?]
	at java.util.ServiceLoader.getConstructor(ServiceLoader.java:674) ~[?:?]
	... 36 more
2023-06-24 20:40:08,408 INFO o.a.j.s.FileServer: Default base='E:\MicroService\apache-jmeter-5.6\bin'
2023-06-24 20:40:08,859 INFO o.a.j.s.FileServer: Set new base='E:\MicroService\apache-jmeter-5.6\bin'
2023-06-24 20:40:12,129 INFO o.a.j.s.SaveService: Testplan (JMX) version: 2.2. Testlog (JTL) version: 2.2
2023-06-24 20:40:12,233 INFO o.a.j.s.SaveService: Using SaveService properties version 5.0
2023-06-24 20:40:12,244 INFO o.a.j.s.SaveService: Using SaveService properties file encoding UTF-8
2023-06-24 20:40:12,379 INFO o.a.j.e.StandardJMeterEngine: Running the test!
2023-06-24 20:40:12,385 INFO o.a.j.s.SampleEvent: List of sample_variables: []
2023-06-24 20:40:12,385 INFO o.a.j.s.SampleEvent: List of sample_variables: []
2023-06-24 20:40:12,397 INFO o.a.j.e.u.CompoundVariable: Note: Function class names must contain the string: '.functions.'
2023-06-24 20:40:12,400 INFO o.a.j.e.u.CompoundVariable: Note: Function class names must not contain the string: '.gui.'
2023-06-24 20:40:12,962 INFO o.a.j.g.u.JMeterMenuBar: setRunning(true, *local*)
2023-06-24 20:40:13,094 INFO o.a.j.e.StandardJMeterEngine: Starting ThreadGroup: 1 : Thread Group
2023-06-24 20:40:13,096 INFO o.a.j.e.StandardJMeterEngine: Starting 15 threads for group Thread Group.
2023-06-24 20:40:13,096 INFO o.a.j.e.StandardJMeterEngine: Thread will continue on error
2023-06-24 20:40:13,097 INFO o.a.j.t.ThreadGroup: Starting thread group... number=1 threads=15 ramp-up=1 delayedStart=false
2023-06-24 20:40:13,109 INFO o.a.j.t.JMeterThread: Thread started: Thread Group 1-1
2023-06-24 20:40:13,119 INFO o.a.j.t.ThreadGroup: Started thread group number 1
2023-06-24 20:40:13,120 INFO o.a.j.e.StandardJMeterEngine: All thread groups have been started
2023-06-24 20:40:13,176 INFO o.a.j.t.JMeterThread: Thread started: Thread Group 1-2
2023-06-24 20:40:13,195 INFO o.a.j.p.h.s.HTTPHCAbstractImpl: Local host = Somen
2023-06-24 20:40:13,253 INFO o.a.j.p.h.s.HTTPHC4Impl: HTTP request retry count = 0
2023-06-24 20:40:13,263 INFO o.a.j.t.JMeterThread: Thread started: Thread Group 1-3
2023-06-24 20:40:13,329 INFO o.a.j.t.JMeterThread: Thread started: Thread Group 1-4
2023-06-24 20:40:13,396 INFO o.a.j.t.JMeterThread: Thread started: Thread Group 1-5
2023-06-24 20:40:13,466 INFO o.a.j.t.JMeterThread: Thread started: Thread Group 1-6
2023-06-24 20:40:13,531 INFO o.a.j.t.JMeterThread: Thread started: Thread Group 1-7
2023-06-24 20:40:13,597 INFO o.a.j.t.JMeterThread: Thread started: Thread Group 1-8
2023-06-24 20:40:13,667 INFO o.a.j.t.JMeterThread: Thread started: Thread Group 1-9
2023-06-24 20:40:13,734 INFO o.a.j.t.JMeterThread: Thread started: Thread Group 1-10
2023-06-24 20:40:13,799 INFO o.a.j.t.JMeterThread: Thread started: Thread Group 1-11
2023-06-24 20:40:13,867 INFO o.a.j.t.JMeterThread: Thread started: Thread Group 1-12
2023-06-24 20:40:13,931 INFO o.a.j.t.JMeterThread: Thread started: Thread Group 1-13
2023-06-24 20:40:14,000 INFO o.a.j.t.JMeterThread: Thread started: Thread Group 1-14
2023-06-24 20:40:14,066 INFO o.a.j.t.JMeterThread: Thread started: Thread Group 1-15
2023-06-24 20:40:14,714 INFO o.a.j.t.JMeterThread: Thread is done: Thread Group 1-6
2023-06-24 20:40:14,716 INFO o.a.j.t.JMeterThread: Thread finished: Thread Group 1-6
2023-06-24 20:40:14,717 INFO o.a.j.t.JMeterThread: Thread is done: Thread Group 1-7
2023-06-24 20:40:14,718 INFO o.a.j.t.JMeterThread: Thread finished: Thread Group 1-7
2023-06-24 20:40:14,720 INFO o.a.j.t.JMeterThread: Thread is done: Thread Group 1-13
2023-06-24 20:40:14,722 INFO o.a.j.t.JMeterThread: Thread finished: Thread Group 1-13
2023-06-24 20:40:14,730 INFO o.a.j.t.JMeterThread: Thread is done: Thread Group 1-12
2023-06-24 20:40:14,731 INFO o.a.j.t.JMeterThread: Thread finished: Thread Group 1-12
2023-06-24 20:40:14,742 INFO o.a.j.t.JMeterThread: Thread is done: Thread Group 1-15
2023-06-24 20:40:14,742 INFO o.a.j.t.JMeterThread: Thread finished: Thread Group 1-15
2023-06-24 20:40:14,748 INFO o.a.j.t.JMeterThread: Thread is done: Thread Group 1-9
2023-06-24 20:40:14,748 INFO o.a.j.t.JMeterThread: Thread finished: Thread Group 1-9
2023-06-24 20:40:14,754 INFO o.a.j.t.JMeterThread: Thread is done: Thread Group 1-10
2023-06-24 20:40:14,755 INFO o.a.j.t.JMeterThread: Thread finished: Thread Group 1-10
2023-06-24 20:40:14,770 INFO o.a.j.t.JMeterThread: Thread is done: Thread Group 1-2
2023-06-24 20:40:14,770 INFO o.a.j.t.JMeterThread: Thread finished: Thread Group 1-2
2023-06-24 20:40:14,772 INFO o.a.j.t.JMeterThread: Thread is done: Thread Group 1-1
2023-06-24 20:40:14,772 INFO o.a.j.t.JMeterThread: Thread finished: Thread Group 1-1
2023-06-24 20:40:14,778 INFO o.a.j.t.JMeterThread: Thread is done: Thread Group 1-8
2023-06-24 20:40:14,778 INFO o.a.j.t.JMeterThread: Thread finished: Thread Group 1-8
2023-06-24 20:40:14,785 INFO o.a.j.t.JMeterThread: Thread is done: Thread Group 1-11
2023-06-24 20:40:14,785 INFO o.a.j.t.JMeterThread: Thread finished: Thread Group 1-11
2023-06-24 20:40:14,794 INFO o.a.j.t.JMeterThread: Thread is done: Thread Group 1-5
2023-06-24 20:40:14,794 INFO o.a.j.t.JMeterThread: Thread finished: Thread Group 1-5
2023-06-24 20:40:14,802 INFO o.a.j.t.JMeterThread: Thread is done: Thread Group 1-14
2023-06-24 20:40:14,803 INFO o.a.j.t.JMeterThread: Thread finished: Thread Group 1-14
2023-06-24 20:40:14,812 INFO o.a.j.t.JMeterThread: Thread is done: Thread Group 1-3
2023-06-24 20:40:14,812 INFO o.a.j.t.JMeterThread: Thread finished: Thread Group 1-3
2023-06-24 20:40:14,827 INFO o.a.j.t.JMeterThread: Thread is done: Thread Group 1-4
2023-06-24 20:40:14,828 INFO o.a.j.t.JMeterThread: Thread finished: Thread Group 1-4
2023-06-24 20:40:14,833 INFO o.a.j.e.StandardJMeterEngine: Notifying test listeners of end of test
2023-06-24 20:40:14,833 INFO o.a.j.g.u.JMeterMenuBar: setRunning(false, *local*)
2023-06-24 20:41:20,185 ERROR o.a.j.v.ViewResultsFullVisualizer: Exception registering implementation: [org.apache.jmeter.visualizers.RenderInBrowser] of interface: [interface org.apache.jmeter.visualizers.ResultRenderer], a jar is probably missing
java.util.ServiceConfigurationError: org.apache.jmeter.visualizers.ResultRenderer: org.apache.jmeter.visualizers.RenderInBrowser Unable to get public no-arg constructor
	at java.util.ServiceLoader.fail(ServiceLoader.java:586) ~[?:?]
	at java.util.ServiceLoader.getConstructor(ServiceLoader.java:679) ~[?:?]
	at java.util.ServiceLoader$LazyClassPathLookupIterator.hasNextService(ServiceLoader.java:1240) ~[?:?]
	at java.util.ServiceLoader$LazyClassPathLookupIterator.hasNext(ServiceLoader.java:1273) ~[?:?]
	at java.util.ServiceLoader$2.hasNext(ServiceLoader.java:1309) ~[?:?]
	at java.util.ServiceLoader$3.hasNext(ServiceLoader.java:1393) ~[?:?]
	at org.apache.jorphan.reflect.ClassFinder.loadServices(ClassFinder.java:115) ~[jorphan.jar:5.6]
	at org.apache.jmeter.util.JMeterUtils.loadServicesAndScanJars(JMeterUtils.java:345) ~[ApacheJMeter_core.jar:5.6]
	at org.apache.jmeter.visualizers.ViewResultsFullVisualizer.createComboRender(ViewResultsFullVisualizer.java:464) ~[ApacheJMeter_components.jar:5.6]
	at org.apache.jmeter.visualizers.ViewResultsFullVisualizer.createLeftPanel(ViewResultsFullVisualizer.java:438) ~[ApacheJMeter_components.jar:5.6]
	at org.apache.jmeter.visualizers.ViewResultsFullVisualizer.init(ViewResultsFullVisualizer.java:349) ~[ApacheJMeter_components.jar:5.6]
	at org.apache.jmeter.visualizers.ViewResultsFullVisualizer.<init>(ViewResultsFullVisualizer.java:156) ~[ApacheJMeter_components.jar:5.6]
	at jdk.internal.reflect.NativeConstructorAccessorImpl.newInstance0(Native Method) ~[?:?]
	at jdk.internal.reflect.NativeConstructorAccessorImpl.newInstance(NativeConstructorAccessorImpl.java:77) ~[?:?]
	at jdk.internal.reflect.DelegatingConstructorAccessorImpl.newInstance(DelegatingConstructorAccessorImpl.java:45) ~[?:?]
	at java.lang.reflect.Constructor.newInstanceWithCaller(Constructor.java:499) ~[?:?]
	at java.lang.reflect.Constructor.newInstance(Constructor.java:480) ~[?:?]
	at org.apache.jmeter.gui.GuiPackage.getGuiFromCache(GuiPackage.java:424) ~[ApacheJMeter_core.jar:5.6]
	at org.apache.jmeter.gui.GuiPackage.getGui(GuiPackage.java:267) ~[ApacheJMeter_core.jar:5.6]
	at org.apache.jmeter.gui.GuiPackage.getGui(GuiPackage.java:238) ~[ApacheJMeter_core.jar:5.6]
	at org.apache.jmeter.gui.GuiPackage.updateCurrentNode(GuiPackage.java:482) ~[ApacheJMeter_core.jar:5.6]
	at org.apache.jmeter.gui.GuiPackage.updateCurrentGui(GuiPackage.java:452) ~[ApacheJMeter_core.jar:5.6]
	at org.apache.jmeter.gui.action.Remove.doAction(Remove.java:85) ~[ApacheJMeter_core.jar:5.6]
	at org.apache.jmeter.gui.action.ActionRouter.performAction(ActionRouter.java:83) ~[ApacheJMeter_core.jar:5.6]
	at org.apache.jmeter.gui.action.ActionRouter.lambda$actionPerformed$0(ActionRouter.java:65) ~[ApacheJMeter_core.jar:5.6]
	at java.awt.event.InvocationEvent.dispatch(InvocationEvent.java:318) ~[?:?]
	at java.awt.EventQueue.dispatchEventImpl(EventQueue.java:771) ~[?:?]
	at java.awt.EventQueue$4.run(EventQueue.java:722) ~[?:?]
	at java.awt.EventQueue$4.run(EventQueue.java:716) ~[?:?]
	at java.security.AccessController.doPrivileged(AccessController.java:399) [?:?]
	at java.security.ProtectionDomain$JavaSecurityAccessImpl.doIntersectionPrivilege(ProtectionDomain.java:86) [?:?]
	at java.awt.EventQueue.dispatchEvent(EventQueue.java:741) [?:?]
	at java.awt.EventDispatchThread.pumpOneEventForFilters(EventDispatchThread.java:203) [?:?]
	at java.awt.EventDispatchThread.pumpEventsForFilter(EventDispatchThread.java:124) [?:?]
	at java.awt.EventDispatchThread.pumpEventsForHierarchy(EventDispatchThread.java:113) [?:?]
	at java.awt.EventDispatchThread.pumpEvents(EventDispatchThread.java:109) [?:?]
	at java.awt.EventDispatchThread.pumpEvents(EventDispatchThread.java:101) [?:?]
	at java.awt.EventDispatchThread.run(EventDispatchThread.java:90) [?:?]
Caused by: java.lang.NoClassDefFoundError: javafx/embed/swing/JFXPanel
	at java.lang.Class.getDeclaredConstructors0(Native Method) ~[?:?]
	at java.lang.Class.privateGetDeclaredConstructors(Class.java:3373) ~[?:?]
	at java.lang.Class.getConstructor0(Class.java:3578) ~[?:?]
	at java.lang.Class.getConstructor(Class.java:2271) ~[?:?]
	at java.util.ServiceLoader$1.run(ServiceLoader.java:666) ~[?:?]
	at java.util.ServiceLoader$1.run(ServiceLoader.java:663) ~[?:?]
	at java.security.AccessController.doPrivileged(AccessController.java:569) [?:?]
	at java.util.ServiceLoader.getConstructor(ServiceLoader.java:674) ~[?:?]
	... 36 more
Caused by: java.lang.ClassNotFoundException: javafx.embed.swing.JFXPanel
	at java.net.URLClassLoader.findClass(URLClassLoader.java:445) ~[?:?]
	at java.lang.ClassLoader.loadClass(ClassLoader.java:587) ~[?:?]
	at java.lang.ClassLoader.loadClass(ClassLoader.java:520) ~[?:?]
	at java.lang.Class.getDeclaredConstructors0(Native Method) ~[?:?]
	at java.lang.Class.privateGetDeclaredConstructors(Class.java:3373) ~[?:?]
	at java.lang.Class.getConstructor0(Class.java:3578) ~[?:?]
	at java.lang.Class.getConstructor(Class.java:2271) ~[?:?]
	at java.util.ServiceLoader$1.run(ServiceLoader.java:666) ~[?:?]
	at java.util.ServiceLoader$1.run(ServiceLoader.java:663) ~[?:?]
	at java.security.AccessController.doPrivileged(AccessController.java:569) ~[?:?]
	at java.util.ServiceLoader.getConstructor(ServiceLoader.java:674) ~[?:?]
	... 36 more
2023-06-24 20:41:24,623 ERROR o.a.j.v.ViewResultsFullVisualizer: Exception registering implementation: [org.apache.jmeter.visualizers.RenderInBrowser] of interface: [interface org.apache.jmeter.visualizers.ResultRenderer], a jar is probably missing
java.util.ServiceConfigurationError: org.apache.jmeter.visualizers.ResultRenderer: org.apache.jmeter.visualizers.RenderInBrowser Unable to get public no-arg constructor
	at java.util.ServiceLoader.fail(ServiceLoader.java:586) ~[?:?]
	at java.util.ServiceLoader.getConstructor(ServiceLoader.java:679) ~[?:?]
	at java.util.ServiceLoader$LazyClassPathLookupIterator.hasNextService(ServiceLoader.java:1240) ~[?:?]
	at java.util.ServiceLoader$LazyClassPathLookupIterator.hasNext(ServiceLoader.java:1273) ~[?:?]
	at java.util.ServiceLoader$2.hasNext(ServiceLoader.java:1309) ~[?:?]
	at java.util.ServiceLoader$3.hasNext(ServiceLoader.java:1393) ~[?:?]
	at org.apache.jorphan.reflect.ClassFinder.loadServices(ClassFinder.java:115) ~[jorphan.jar:5.6]
	at org.apache.jmeter.util.JMeterUtils.loadServicesAndScanJars(JMeterUtils.java:345) ~[ApacheJMeter_core.jar:5.6]
	at org.apache.jmeter.visualizers.ViewResultsFullVisualizer.createComboRender(ViewResultsFullVisualizer.java:464) ~[ApacheJMeter_components.jar:5.6]
	at org.apache.jmeter.visualizers.ViewResultsFullVisualizer.createLeftPanel(ViewResultsFullVisualizer.java:438) ~[ApacheJMeter_components.jar:5.6]
	at org.apache.jmeter.visualizers.ViewResultsFullVisualizer.init(ViewResultsFullVisualizer.java:349) ~[ApacheJMeter_components.jar:5.6]
	at org.apache.jmeter.visualizers.ViewResultsFullVisualizer.<init>(ViewResultsFullVisualizer.java:156) ~[ApacheJMeter_components.jar:5.6]
	at jdk.internal.reflect.NativeConstructorAccessorImpl.newInstance0(Native Method) ~[?:?]
	at jdk.internal.reflect.NativeConstructorAccessorImpl.newInstance(NativeConstructorAccessorImpl.java:77) ~[?:?]
	at jdk.internal.reflect.DelegatingConstructorAccessorImpl.newInstance(DelegatingConstructorAccessorImpl.java:45) ~[?:?]
	at java.lang.reflect.Constructor.newInstanceWithCaller(Constructor.java:499) ~[?:?]
	at java.lang.reflect.Constructor.newInstance(Constructor.java:480) ~[?:?]
	at org.apache.jmeter.gui.GuiPackage.getGuiFromCache(GuiPackage.java:424) ~[ApacheJMeter_core.jar:5.6]
	at org.apache.jmeter.gui.GuiPackage.createTestElement(GuiPackage.java:371) ~[ApacheJMeter_core.jar:5.6]
	at org.apache.jmeter.gui.action.AddToTree.doAction(AddToTree.java:70) ~[ApacheJMeter_core.jar:5.6]
	at org.apache.jmeter.gui.action.ActionRouter.performAction(ActionRouter.java:83) ~[ApacheJMeter_core.jar:5.6]
	at org.apache.jmeter.gui.action.ActionRouter.lambda$actionPerformed$0(ActionRouter.java:65) ~[ApacheJMeter_core.jar:5.6]
	at java.awt.event.InvocationEvent.dispatch(InvocationEvent.java:318) ~[?:?]
	at java.awt.EventQueue.dispatchEventImpl(EventQueue.java:771) ~[?:?]
	at java.awt.EventQueue$4.run(EventQueue.java:722) ~[?:?]
	at java.awt.EventQueue$4.run(EventQueue.java:716) ~[?:?]
	at java.security.AccessController.doPrivileged(AccessController.java:399) [?:?]
	at java.security.ProtectionDomain$JavaSecurityAccessImpl.doIntersectionPrivilege(ProtectionDomain.java:86) [?:?]
	at java.awt.EventQueue.dispatchEvent(EventQueue.java:741) [?:?]
	at java.awt.EventDispatchThread.pumpOneEventForFilters(EventDispatchThread.java:203) [?:?]
	at java.awt.EventDispatchThread.pumpEventsForFilter(EventDispatchThread.java:124) [?:?]
	at java.awt.EventDispatchThread.pumpEventsForHierarchy(EventDispatchThread.java:113) [?:?]
	at java.awt.EventDispatchThread.pumpEvents(EventDispatchThread.java:109) [?:?]
	at java.awt.EventDispatchThread.pumpEvents(EventDispatchThread.java:101) [?:?]
	at java.awt.EventDispatchThread.run(EventDispatchThread.java:90) [?:?]
Caused by: java.lang.NoClassDefFoundError: javafx/embed/swing/JFXPanel
	at java.lang.Class.getDeclaredConstructors0(Native Method) ~[?:?]
	at java.lang.Class.privateGetDeclaredConstructors(Class.java:3373) ~[?:?]
	at java.lang.Class.getConstructor0(Class.java:3578) ~[?:?]
	at java.lang.Class.getConstructor(Class.java:2271) ~[?:?]
	at java.util.ServiceLoader$1.run(ServiceLoader.java:666) ~[?:?]
	at java.util.ServiceLoader$1.run(ServiceLoader.java:663) ~[?:?]
	at java.security.AccessController.doPrivileged(AccessController.java:569) [?:?]
	at java.util.ServiceLoader.getConstructor(ServiceLoader.java:674) ~[?:?]
	... 33 more
Caused by: java.lang.ClassNotFoundException: javafx.embed.swing.JFXPanel
	at java.net.URLClassLoader.findClass(URLClassLoader.java:445) ~[?:?]
	at java.lang.ClassLoader.loadClass(ClassLoader.java:587) ~[?:?]
	at java.lang.ClassLoader.loadClass(ClassLoader.java:520) ~[?:?]
	at java.lang.Class.getDeclaredConstructors0(Native Method) ~[?:?]
	at java.lang.Class.privateGetDeclaredConstructors(Class.java:3373) ~[?:?]
	at java.lang.Class.getConstructor0(Class.java:3578) ~[?:?]
	at java.lang.Class.getConstructor(Class.java:2271) ~[?:?]
	at java.util.ServiceLoader$1.run(ServiceLoader.java:666) ~[?:?]
	at java.util.ServiceLoader$1.run(ServiceLoader.java:663) ~[?:?]
	at java.security.AccessController.doPrivileged(AccessController.java:569) ~[?:?]
	at java.util.ServiceLoader.getConstructor(ServiceLoader.java:674) ~[?:?]
	... 33 more
2023-06-24 20:41:29,862 INFO o.a.j.e.StandardJMeterEngine: Running the test!
2023-06-24 20:41:29,863 INFO o.a.j.s.SampleEvent: List of sample_variables: []
2023-06-24 20:41:29,864 INFO o.a.j.g.u.JMeterMenuBar: setRunning(true, *local*)
2023-06-24 20:41:29,931 INFO o.a.j.e.StandardJMeterEngine: Starting ThreadGroup: 1 : Thread Group
2023-06-24 20:41:29,931 INFO o.a.j.e.StandardJMeterEngine: Starting 15 threads for group Thread Group.
2023-06-24 20:41:29,932 INFO o.a.j.e.StandardJMeterEngine: Thread will continue on error
2023-06-24 20:41:29,932 INFO o.a.j.t.ThreadGroup: Starting thread group... number=1 threads=15 ramp-up=1 delayedStart=false
2023-06-24 20:41:29,942 INFO o.a.j.t.ThreadGroup: Started thread group number 1
2023-06-24 20:41:29,943 INFO o.a.j.e.StandardJMeterEngine: All thread groups have been started
2023-06-24 20:41:29,946 INFO o.a.j.t.JMeterThread: Thread started: Thread Group 1-1
2023-06-24 20:41:30,014 INFO o.a.j.t.JMeterThread: Thread started: Thread Group 1-2
2023-06-24 20:41:30,080 INFO o.a.j.t.JMeterThread: Thread started: Thread Group 1-3
2023-06-24 20:41:30,157 INFO o.a.j.t.JMeterThread: Thread started: Thread Group 1-4
2023-06-24 20:41:30,187 INFO o.a.j.t.JMeterThread: Thread is done: Thread Group 1-4
2023-06-24 20:41:30,187 INFO o.a.j.t.JMeterThread: Thread finished: Thread Group 1-4
2023-06-24 20:41:30,206 INFO o.a.j.t.JMeterThread: Thread is done: Thread Group 1-3
2023-06-24 20:41:30,206 INFO o.a.j.t.JMeterThread: Thread finished: Thread Group 1-3
2023-06-24 20:41:30,226 INFO o.a.j.t.JMeterThread: Thread started: Thread Group 1-5
2023-06-24 20:41:30,254 INFO o.a.j.t.JMeterThread: Thread is done: Thread Group 1-5
2023-06-24 20:41:30,256 INFO o.a.j.t.JMeterThread: Thread finished: Thread Group 1-5
2023-06-24 20:41:30,292 INFO o.a.j.t.JMeterThread: Thread started: Thread Group 1-6
2023-06-24 20:41:30,326 INFO o.a.j.t.JMeterThread: Thread is done: Thread Group 1-6
2023-06-24 20:41:30,326 INFO o.a.j.t.JMeterThread: Thread finished: Thread Group 1-6
2023-06-24 20:41:30,358 INFO o.a.j.t.JMeterThread: Thread started: Thread Group 1-7
2023-06-24 20:41:30,391 INFO o.a.j.t.JMeterThread: Thread is done: Thread Group 1-7
2023-06-24 20:41:30,391 INFO o.a.j.t.JMeterThread: Thread finished: Thread Group 1-7
2023-06-24 20:41:30,426 INFO o.a.j.t.JMeterThread: Thread started: Thread Group 1-8
2023-06-24 20:41:30,488 INFO o.a.j.t.JMeterThread: Thread is done: Thread Group 1-8
2023-06-24 20:41:30,488 INFO o.a.j.t.JMeterThread: Thread finished: Thread Group 1-8
2023-06-24 20:41:30,491 INFO o.a.j.t.JMeterThread: Thread started: Thread Group 1-9
2023-06-24 20:41:30,503 INFO o.a.j.t.JMeterThread: Thread is done: Thread Group 1-9
2023-06-24 20:41:30,504 INFO o.a.j.t.JMeterThread: Thread finished: Thread Group 1-9
2023-06-24 20:41:30,559 INFO o.a.j.t.JMeterThread: Thread started: Thread Group 1-10
2023-06-24 20:41:30,572 INFO o.a.j.t.JMeterThread: Thread is done: Thread Group 1-10
2023-06-24 20:41:30,572 INFO o.a.j.t.JMeterThread: Thread finished: Thread Group 1-10
2023-06-24 20:41:30,626 INFO o.a.j.t.JMeterThread: Thread started: Thread Group 1-11
2023-06-24 20:41:30,666 INFO o.a.j.t.JMeterThread: Thread is done: Thread Group 1-11
2023-06-24 20:41:30,666 INFO o.a.j.t.JMeterThread: Thread finished: Thread Group 1-11
2023-06-24 20:41:30,695 INFO o.a.j.t.JMeterThread: Thread started: Thread Group 1-12
2023-06-24 20:41:30,715 INFO o.a.j.t.JMeterThread: Thread is done: Thread Group 1-12
2023-06-24 20:41:30,716 INFO o.a.j.t.JMeterThread: Thread finished: Thread Group 1-12
2023-06-24 20:41:30,760 INFO o.a.j.t.JMeterThread: Thread started: Thread Group 1-13
2023-06-24 20:41:30,771 INFO o.a.j.t.JMeterThread: Thread is done: Thread Group 1-13
2023-06-24 20:41:30,771 INFO o.a.j.t.JMeterThread: Thread finished: Thread Group 1-13
2023-06-24 20:41:30,827 INFO o.a.j.t.JMeterThread: Thread started: Thread Group 1-14
2023-06-24 20:41:30,838 INFO o.a.j.t.JMeterThread: Thread is done: Thread Group 1-14
2023-06-24 20:41:30,839 INFO o.a.j.t.JMeterThread: Thread finished: Thread Group 1-14
2023-06-24 20:41:30,893 INFO o.a.j.t.JMeterThread: Thread started: Thread Group 1-15
2023-06-24 20:41:30,922 INFO o.a.j.t.JMeterThread: Thread is done: Thread Group 1-15
2023-06-24 20:41:30,922 INFO o.a.j.t.JMeterThread: Thread finished: Thread Group 1-15
2023-06-24 20:41:34,091 INFO o.a.j.t.JMeterThread: Thread is done: Thread Group 1-1
2023-06-24 20:41:34,092 INFO o.a.j.t.JMeterThread: Thread finished: Thread Group 1-1
2023-06-24 20:41:34,120 INFO o.a.j.t.JMeterThread: Thread is done: Thread Group 1-2
2023-06-24 20:41:34,121 INFO o.a.j.t.JMeterThread: Thread finished: Thread Group 1-2
2023-06-24 20:41:34,122 INFO o.a.j.e.StandardJMeterEngine: Notifying test listeners of end of test
2023-06-24 20:41:34,122 INFO o.a.j.g.u.JMeterMenuBar: setRunning(false, *local*)
2023-06-24 20:45:07,550 INFO o.a.j.e.StandardJMeterEngine: Running the test!
2023-06-24 20:45:07,649 INFO o.a.j.s.SampleEvent: List of sample_variables: []
2023-06-24 20:45:07,653 INFO o.a.j.g.u.JMeterMenuBar: setRunning(true, *local*)
2023-06-24 20:45:07,805 INFO o.a.j.e.StandardJMeterEngine: Starting ThreadGroup: 1 : Thread Group
2023-06-24 20:45:07,806 INFO o.a.j.e.StandardJMeterEngine: Starting 15 threads for group Thread Group.
2023-06-24 20:45:07,806 INFO o.a.j.e.StandardJMeterEngine: Thread will continue on error
2023-06-24 20:45:07,807 INFO o.a.j.t.ThreadGroup: Starting thread group... number=1 threads=15 ramp-up=1 delayedStart=false
2023-06-24 20:45:07,819 INFO o.a.j.t.ThreadGroup: Started thread group number 1
2023-06-24 20:45:07,819 INFO o.a.j.e.StandardJMeterEngine: All thread groups have been started
2023-06-24 20:45:07,831 INFO o.a.j.t.JMeterThread: Thread started: Thread Group 1-1
2023-06-24 20:45:07,902 INFO o.a.j.t.JMeterThread: Thread started: Thread Group 1-2
2023-06-24 20:45:07,970 INFO o.a.j.t.JMeterThread: Thread started: Thread Group 1-3
2023-06-24 20:45:08,040 INFO o.a.j.t.JMeterThread: Thread started: Thread Group 1-4
2023-06-24 20:45:08,108 INFO o.a.j.t.JMeterThread: Thread started: Thread Group 1-5
2023-06-24 20:45:08,175 INFO o.a.j.t.JMeterThread: Thread started: Thread Group 1-6
2023-06-24 20:45:08,226 INFO o.a.j.t.JMeterThread: Thread is done: Thread Group 1-5
2023-06-24 20:45:08,227 INFO o.a.j.t.JMeterThread: Thread finished: Thread Group 1-5
2023-06-24 20:45:08,243 INFO o.a.j.t.JMeterThread: Thread started: Thread Group 1-7
2023-06-24 20:45:08,294 INFO o.a.j.t.JMeterThread: Thread is done: Thread Group 1-6
2023-06-24 20:45:08,294 INFO o.a.j.t.JMeterThread: Thread finished: Thread Group 1-6
2023-06-24 20:45:08,312 INFO o.a.j.t.JMeterThread: Thread started: Thread Group 1-8
2023-06-24 20:45:08,378 INFO o.a.j.t.JMeterThread: Thread started: Thread Group 1-9
2023-06-24 20:45:08,413 INFO o.a.j.t.JMeterThread: Thread is done: Thread Group 1-8
2023-06-24 20:45:08,413 INFO o.a.j.t.JMeterThread: Thread finished: Thread Group 1-8
2023-06-24 20:45:08,416 INFO o.a.j.t.JMeterThread: Thread is done: Thread Group 1-9
2023-06-24 20:45:08,416 INFO o.a.j.t.JMeterThread: Thread finished: Thread Group 1-9
2023-06-24 20:45:08,437 INFO o.a.j.t.JMeterThread: Thread is done: Thread Group 1-7
2023-06-24 20:45:08,438 INFO o.a.j.t.JMeterThread: Thread finished: Thread Group 1-7
2023-06-24 20:45:08,446 INFO o.a.j.t.JMeterThread: Thread started: Thread Group 1-10
2023-06-24 20:45:08,459 INFO o.a.j.t.JMeterThread: Thread is done: Thread Group 1-10
2023-06-24 20:45:08,460 INFO o.a.j.t.JMeterThread: Thread finished: Thread Group 1-10
2023-06-24 20:45:08,514 INFO o.a.j.t.JMeterThread: Thread started: Thread Group 1-11
2023-06-24 20:45:08,543 INFO o.a.j.t.JMeterThread: Thread is done: Thread Group 1-11
2023-06-24 20:45:08,543 INFO o.a.j.t.JMeterThread: Thread finished: Thread Group 1-11
2023-06-24 20:45:08,582 INFO o.a.j.t.JMeterThread: Thread started: Thread Group 1-12
2023-06-24 20:45:08,613 INFO o.a.j.t.JMeterThread: Thread is done: Thread Group 1-12
2023-06-24 20:45:08,614 INFO o.a.j.t.JMeterThread: Thread finished: Thread Group 1-12
2023-06-24 20:45:08,647 INFO o.a.j.t.JMeterThread: Thread started: Thread Group 1-13
2023-06-24 20:45:08,677 INFO o.a.j.t.JMeterThread: Thread is done: Thread Group 1-13
2023-06-24 20:45:08,677 INFO o.a.j.t.JMeterThread: Thread finished: Thread Group 1-13
2023-06-24 20:45:08,716 INFO o.a.j.t.JMeterThread: Thread started: Thread Group 1-14
2023-06-24 20:45:08,734 INFO o.a.j.t.JMeterThread: Thread is done: Thread Group 1-14
2023-06-24 20:45:08,734 INFO o.a.j.t.JMeterThread: Thread finished: Thread Group 1-14
2023-06-24 20:45:08,785 INFO o.a.j.t.JMeterThread: Thread started: Thread Group 1-15
2023-06-24 20:45:08,802 INFO o.a.j.t.JMeterThread: Thread is done: Thread Group 1-15
2023-06-24 20:45:08,802 INFO o.a.j.t.JMeterThread: Thread finished: Thread Group 1-15
2023-06-24 20:45:09,681 INFO o.a.j.t.JMeterThread: Thread is done: Thread Group 1-2
2023-06-24 20:45:09,682 INFO o.a.j.t.JMeterThread: Thread finished: Thread Group 1-2
2023-06-24 20:45:09,795 INFO o.a.j.t.JMeterThread: Thread is done: Thread Group 1-1
2023-06-24 20:45:09,797 INFO o.a.j.t.JMeterThread: Thread finished: Thread Group 1-1
2023-06-24 20:45:09,832 INFO o.a.j.t.JMeterThread: Thread is done: Thread Group 1-4
2023-06-24 20:45:09,833 INFO o.a.j.t.JMeterThread: Thread finished: Thread Group 1-4
2023-06-24 20:45:09,886 INFO o.a.j.t.JMeterThread: Thread is done: Thread Group 1-3
2023-06-24 20:45:09,886 INFO o.a.j.t.JMeterThread: Thread finished: Thread Group 1-3
2023-06-24 20:45:09,887 INFO o.a.j.e.StandardJMeterEngine: Notifying test listeners of end of test
2023-06-24 20:45:09,887 INFO o.a.j.g.u.JMeterMenuBar: setRunning(false, *local*)
